<?xml version="1.0" encoding="UTF-8"?>
<!-- Generated by org.testng.reporters.JUnitReportReporter -->
<testsuite skipped="0" hostname="Avinesh-Jain" name="com.actitime.customertest.CustomerTest" tests="1" failures="0" timestamp="21 Jan 2019 08:57:28 GMT" time="19.450" errors="0">
  <testcase name="createCustomerTest" time="19.450" classname="com.actitime.customertest.CustomerTest"/>
</testsuite> <!-- com.actitime.customertest.CustomerTest -->
