<?xml version="1.0" encoding="UTF-8"?>
<!-- Generated by org.testng.reporters.JUnitReportReporter -->
<testsuite skipped="0" hostname="DESKTOP-AJQP96T" name="com.seleniumproject.Links" tests="1" failures="0" timestamp="06 May 2019 11:11:12 GMT" time="68.106" errors="0">
  <testcase name="linktest" time="68.106" classname="com.seleniumproject.Links"/>
</testsuite> <!-- com.seleniumproject.Links -->
