<?xml version="1.0" encoding="UTF-8"?>
<!-- Generated by org.testng.reporters.JUnitReportReporter -->
<testsuite skipped="0" hostname="DESKTOP-AJQP96T" name="com.seleniumproject.DynamicWebTable" tests="1" failures="0" timestamp="13 May 2019 06:17:18 GMT" time="35.532" errors="0">
  <testcase name="webTable" time="35.532" classname="com.seleniumproject.DynamicWebTable"/>
</testsuite> <!-- com.seleniumproject.DynamicWebTable -->
