<?xml version="1.0" encoding="UTF-8"?>
<!-- Generated by org.testng.reporters.JUnitReportReporter -->
<testsuite skipped="0" hostname="DESKTOP-AJQP96T" name="com.seleniumproject.Frames" tests="1" failures="0" timestamp="22 Mar 2019 19:23:32 GMT" time="39.286" errors="0">
  <testcase name="frameTest" time="39.286" classname="com.seleniumproject.Frames"/>
</testsuite> <!-- com.seleniumproject.Frames -->
