<?xml version="1.0" encoding="UTF-8"?>
<!-- Generated by org.testng.reporters.JUnitReportReporter -->
<testsuite skipped="0" hostname="DESKTOP-AJQP96T" name="com.seleniumproject.FramesHandling" tests="1" failures="0" timestamp="06 May 2019 19:06:11 GMT" time="45.705" errors="0">
  <testcase name="dropdpwninsideframe" time="45.705" classname="com.seleniumproject.FramesHandling"/>
</testsuite> <!-- com.seleniumproject.FramesHandling -->
