<?xml version="1.0" encoding="UTF-8"?>
<!-- Generated by org.testng.reporters.JUnitReportReporter -->
<testsuite skipped="0" hostname="DESKTOP-AJQP96T" name="com.seleniumproject.NewClass1" tests="4" failures="0" timestamp="13 May 2019 05:47:04 GMT" time="0.032" errors="0">
  <testcase name="maintest2" time="0.025" classname="com.seleniumproject.NewClass1"/>
  <testcase name="maintest1" time="0.003" classname="com.seleniumproject.NewClass1"/>
  <testcase name="main" time="0.002" classname="com.seleniumproject.NewClass1"/>
  <testcase name="maintest" time="0.002" classname="com.seleniumproject.NewClass1"/>
</testsuite> <!-- com.seleniumproject.NewClass1 -->
