<?xml version="1.0" encoding="UTF-8"?>
<!-- Generated by org.testng.reporters.JUnitReportReporter -->
<testsuite skipped="0" hostname="Avinesh-Jain" name="com.testbrowser.practice.MyntraCartTest" tests="1" failures="0" timestamp="09 Jan 2019 11:01:07 GMT" time="0.018" errors="0">
  <testcase name="myntraTest" time="0.018" classname="com.testbrowser.practice.MyntraCartTest"/>
</testsuite> <!-- com.testbrowser.practice.MyntraCartTest -->
