<?xml version="1.0" encoding="UTF-8"?>
<!-- Generated by org.testng.reporters.JUnitReportReporter -->
<testsuite skipped="0" hostname="Avinesh-Jain" name="com.selenium.test.OrderOfExecution" tests="5" failures="0" timestamp="25 Jan 2019 14:34:38 GMT" time="0.038" errors="0">
  <testcase name="xyz" time="0.026" classname="com.selenium.test.OrderOfExecution"/>
  <testcase name="abc" time="0.002" classname="com.selenium.test.OrderOfExecution"/>
  <testcase name="abc1" time="0.002" classname="com.selenium.test.OrderOfExecution"/>
  <testcase name="xyz1" time="0.002" classname="com.selenium.test.OrderOfExecution"/>
  <testcase name="pqr" time="0.006" classname="com.selenium.test.OrderOfExecution"/>
</testsuite> <!-- com.selenium.test.OrderOfExecution -->
