<?xml version="1.0" encoding="UTF-8"?>
<!-- Generated by org.testng.reporters.JUnitReportReporter -->
<testsuite skipped="0" hostname="Avinesh-Jain" name="com.testbrowser.practice.MyntraTest" tests="1" failures="0" timestamp="09 Jan 2019 18:11:36 GMT" time="16.718" errors="0">
  <testcase name="myantraTest" time="16.718" classname="com.testbrowser.practice.MyntraTest"/>
</testsuite> <!-- com.testbrowser.practice.MyntraTest -->
