<?xml version="1.0" encoding="UTF-8"?>
<!-- Generated by org.testng.reporters.JUnitReportReporter -->
<testsuite skipped="1" hostname="DESKTOP-13KQN45" name="com.guru99.test.InvaliduserandInvalidPassword" tests="1" failures="0" timestamp="06 Mar 2019 17:26:40 GMT" time="0.000" errors="0">
  <testcase name="invalidusernameInvalidPassword" time="0.000" classname="com.guru99.test.InvaliduserandInvalidPassword">
    <skipped/>
  </testcase> <!-- invalidusernameInvalidPassword -->
</testsuite> <!-- com.guru99.test.InvaliduserandInvalidPassword -->
