<?xml version="1.0" encoding="UTF-8"?>
<!-- Generated by org.testng.reporters.JUnitReportReporter -->
<testsuite skipped="0" hostname="DESKTOP-13KQN45" name="com.guru99.test.LoginTest" tests="1" failures="0" timestamp="06 Mar 2019 17:26:40 GMT" time="49.070" errors="0">
  <testcase name="loginTest" time="49.070" classname="com.guru99.test.LoginTest"/>
</testsuite> <!-- com.guru99.test.LoginTest -->
