<?xml version="1.0" encoding="UTF-8"?>
<!-- Generated by org.testng.reporters.JUnitReportReporter -->
<testsuite skipped="0" hostname="Avinesh-Jain" name="com.guru99.Test.TestCase01Test" tests="1" failures="0" timestamp="28 Jan 2019 08:33:15 GMT" time="40.248" errors="0">
  <testcase name="testCase01" time="40.248" classname="com.guru99.Test.TestCase01Test"/>
</testsuite> <!-- com.guru99.Test.TestCase01Test -->
